2019-07-15,15:27:  __main__ 

2019-07-15,15:27:  ERROR ON LOAD file Expecting property name enclosed in double quotes: line 1 column 2 (char 1) 

2019-07-15,15:27:  __main__ 

2019-07-15,15:27:  Success on open json 

2019-07-15,15:27:  match success abc:123456 
 

2019-07-15,15:27:  time is rotten 2019-03-15 10:26:37.951000 

2019-07-15,15:27:  Success on open json 

2019-07-15,15:27:  match success abc:123456 
 

2019-07-15,15:27:  the message is fresh 2019-07-08 15:27:35.237558 

2019-07-15,15:27:  Success on open json 

2019-07-15,15:27:  not match 1abc:123456 
 

2019-07-15,15:27:  Success on open json 

2019-07-15,15:27:  Success on open json 

2019-07-15,15:27:  match success abc:123456 
 

2019-07-15,15:27:  the message is fresh 2019-07-08 15:27:35.237558 

2019-07-15,15:27:  Success on open json 

2019-07-15,15:28:  __main__ 

2019-07-15,15:28:  Success on open json 

2019-07-15,15:28:  match success abc:123456 
 

2019-07-15,15:28:  time is rotten 2019-03-15 10:26:37.951000 

2019-07-15,15:28:  Success on open json 

2019-07-15,15:28:  match success abc:123456 
 

2019-07-15,15:28:  the message is fresh 2019-07-08 15:28:11.300058 

2019-07-15,15:28:  Success on open json 

2019-07-15,15:28:  not match 1abc:123456 
 

2019-07-15,15:28:  Success on open json 

2019-07-15,15:28:  Success on open json 

2019-07-15,15:28:  match success abc:123456 
 

2019-07-15,15:28:  the message is fresh 2019-07-08 15:28:11.300058 

2019-07-15,15:28:  Success on open json 

2019-07-15,15:29:  __main__ 

2019-07-15,15:29:  match success abc:123456 
 

2019-07-15,15:29:  time is rotten 2019-03-15 10:26:37.951000 

2019-07-15,15:29:  match success abc:123456 
 

2019-07-15,15:29:  the message is fresh 2019-07-08 15:29:46.340058 

2019-07-15,15:29:  not match 1abc:123456 
 

2019-07-15,15:30:  __main__ 

2019-07-15,15:30:  match success abc:123456 
 

2019-07-15,15:30:  time is rotten 2019-03-15 10:26:37.951000 

2019-07-15,15:30:  match success abc:123456 
 

2019-07-15,15:30:  the message is fresh 2019-07-08 15:30:22.127558 

2019-07-15,15:30:  not match 1abc:123456 
 

2019-07-15,15:56:  __main__ 

2019-07-15,15:56:  match success abc:123456 
 

2019-07-15,15:56:  time is rotten 2019-03-15 10:26:37.951000 

2019-07-15,15:56:  match success abc:123456 
 

2019-07-15,15:56:  the message is fresh 2019-07-08 15:56:01.694286 

2019-07-15,15:56:  not match 1abc:123456 
 

2019-07-15,15:59:  __main__ 

2019-07-15,15:59:  match success abc:123456 
 

2019-07-15,15:59:  time is rotten 2019-03-15 10:26:37.951000 

2019-07-15,15:59:  match success abc:123456 
 

2019-07-15,15:59:  the message is fresh 2019-07-08 15:59:09.964432 

2019-07-15,15:59:  not match 1abc:123456 
 

2019-07-15,15:59:  __main__ 

2019-07-15,15:59:  match success abc:123456 
 

2019-07-15,15:59:  time is rotten 2019-03-15 10:26:37.951000 

2019-07-15,15:59:  match success abc:123456 
 

2019-07-15,15:59:  the message is fresh 2019-07-08 15:59:50.076453 

2019-07-15,15:59:  not match 1abc:123456 
 

2019-07-15,16:00:  __main__ 

2019-07-15,16:00:  match success abc:123456 
 

2019-07-15,16:00:  time is rotten 2019-03-15 10:26:37.951000 

2019-07-15,16:00:  match success abc:123456 
 

2019-07-15,16:00:  the message is fresh 2019-07-08 16:00:14.049747 

2019-07-15,16:00:  not match 1abc:123456 
 

2019-07-15,16:06:  __main__ 

2019-07-15,16:06:  match success abc:123456 
 

2019-07-15,16:06:  time is rotten 2019-03-15 10:26:37.951000 

2019-07-15,16:06:  match success abc:123456 
 

2019-07-15,16:06:  the message is fresh 2019-07-08 16:06:34.602342 

2019-07-15,16:06:  __main__ 

2019-07-15,16:06:  match success abc:123456 
 

2019-07-15,16:06:  time is rotten 2019-03-15 10:26:37.951000 

2019-07-15,16:06:  match success abc:123456 
 

2019-07-15,16:06:  the message is fresh 2019-07-08 16:06:51.240669 

2019-07-15,16:07:  __main__ 

2019-07-15,16:07:  match success abc:123456 
 

2019-07-15,16:07:  time is rotten 2019-03-15 10:26:37.951000 

2019-07-15,16:07:  match success abc:123456 
 

2019-07-15,16:07:  the message is fresh 2019-07-08 16:07:07.699960 

2019-07-15,16:09:  __main__ 

2019-07-15,16:09:  match success abc:123456 
 

2019-07-15,16:09:  time is rotten 2019-03-15 10:26:37.951000 

2019-07-15,16:09:  match success abc:123456 
 

2019-07-15,16:09:  the message is fresh 2019-07-08 16:09:04.903396 

2019-07-15,16:09:  __main__ 

2019-07-15,16:09:  match success abc:123456 
 

2019-07-15,16:09:  time is rotten 2019-03-15 10:26:37.951000 

2019-07-15,16:09:  match success abc:123456 
 

2019-07-15,16:09:  the message is fresh 2019-07-08 16:09:21.801275 

2019-07-15,16:09:  not match 1abc:123456 
 

2019-07-15,16:09:  match success abc:123456 
 

2019-07-15,16:09:  the message is fresh 2019-07-08 16:09:21.801275 

2019-07-15,16:09:  __main__ 

2019-07-15,16:09:  match success abc:123456 
 

2019-07-15,16:09:  time is rotten 2019-03-15 10:26:37.951000 

2019-07-15,16:09:  match success abc:123456 
 

2019-07-15,16:09:  the message is fresh 2019-07-08 16:09:42.715457 

2019-07-15,16:09:  not match 1abc:123456 
 

2019-07-15,16:09:  match success abc:123456 
 

2019-07-15,16:09:  the message is fresh 2019-07-08 16:09:42.715457 

2019-07-15,16:09:  match success abc:123456 
 

2019-07-15,16:09:  the message is fresh 2019-07-08 16:09:42.715457 

2019-07-15,16:09:  match success abc:123456 
 

2019-07-15,16:09:  the message is fresh 2019-07-08 16:09:42.715457 

2019-07-15,16:10:  __main__ 

2019-07-15,16:10:  match success abc:123456 
 

2019-07-15,16:10:  time is rotten 2019-03-15 10:26:37.951000 

2019-07-15,16:10:  match success abc:123456 
 

2019-07-15,16:10:  the message is fresh 2019-07-08 16:10:32.223857 

2019-07-15,16:16:  __main__ 

2019-07-15,16:16:  match success abc:123456 
 

2019-07-15,16:16:  time is rotten 2019-03-15 10:26:37.951000 

2019-07-15,16:16:  match success abc:123456 
 

2019-07-15,16:16:  the message is fresh 2019-07-08 16:16:00.654530 

2019-07-15,16:16:  __main__ 

2019-07-15,16:16:  match success abc:123456 
 

2019-07-15,16:16:  time is rotten 2019-03-15 10:26:37.951000 

2019-07-15,16:16:  match success abc:123456 
 

2019-07-15,16:16:  the message is fresh 2019-07-08 16:16:26.297157 

2019-07-15,16:16:  __main__ 

2019-07-15,16:16:  match success abc:123456 
 

2019-07-15,16:16:  time is rotten 2019-03-15 10:26:37.951000 

2019-07-15,16:16:  match success abc:123456 
 

2019-07-15,16:16:  the message is fresh 2019-07-08 16:16:53.170531 

2019-07-15,16:17:  __main__ 

2019-07-15,16:17:  match success abc:123456 
 

2019-07-15,16:17:  time is rotten 2019-03-15 10:26:37.951000 

2019-07-15,16:17:  match success abc:123456 
 

2019-07-15,16:17:  the message is fresh 2019-07-08 16:17:15.303957 

2019-07-15,16:19:  __main__ 

2019-07-15,16:19:  match success abc:123456 
 

2019-07-15,16:19:  time is rotten 2019-03-15 10:26:37.951000 

2019-07-15,16:19:  match success abc:123456 
 

2019-07-15,16:19:  the message is fresh 2019-07-08 16:19:50.525995 

2019-07-15,16:20:  __main__ 

2019-07-15,16:20:  match success abc:123456 
 

2019-07-15,16:20:  time is rotten 2019-03-15 10:26:37.951000 

2019-07-15,16:20:  match success abc:123456 
 

2019-07-15,16:20:  the message is fresh 2019-07-08 16:20:26.652719 

2019-07-15,16:21:  __main__ 

2019-07-15,16:21:  match success abc:123456 
 

2019-07-15,16:21:  time is rotten 2019-03-15 10:26:37.951000 

2019-07-15,16:21:  match success abc:123456 
 

2019-07-15,16:21:  the message is fresh 2019-07-08 16:21:13.898666 

2019-07-15,16:22:  __main__ 

2019-07-15,16:22:  match success abc:123456 
 

2019-07-15,16:22:  time is rotten 2019-03-15 10:26:37.951000 

2019-07-15,16:22:  match success abc:123456 
 

2019-07-15,16:22:  the message is fresh 2019-07-08 16:22:02.527890 

2019-07-15,16:22:  not match 1abc:123456 
 

2019-07-15,16:22:  match success abc:123456 
 

2019-07-15,16:22:  the message is fresh 2019-07-08 16:22:02.527890 

2019-07-15,16:22:  match success abc:123456 
 

2019-07-15,16:22:  the message is fresh 2019-07-08 16:22:02.527890 

2019-07-15,16:22:  match success abc:123456 
 

2019-07-15,16:22:  the message is fresh 2019-07-08 16:22:02.527890 

2019-07-15,16:22:  __main__ 

2019-07-15,16:22:  match success abc:123456 
 

2019-07-15,16:22:  time is rotten 2019-03-15 10:26:37.951000 

2019-07-15,16:22:  match success abc:123756 
 

2019-07-15,16:22:  the message is fresh 2019-07-08 16:22:52.638410 

2019-07-15,16:22:  match success abc:123456 
 

2019-07-15,16:22:  the message is fresh 2019-07-08 16:22:52.638410 

2019-07-15,16:22:  not match 1abc:123456 
 

2019-07-15,16:22:  match success abc:123456 
 

2019-07-15,16:22:  the message is fresh 2019-07-08 16:22:52.638410 

2019-07-15,16:22:  match success abc:123456 
 

2019-07-15,16:22:  the message is fresh 2019-07-08 16:22:52.638410 

2019-07-15,16:22:  match success abc:123456 
 

2019-07-15,16:22:  the message is fresh 2019-07-08 16:22:52.638410 

2019-07-15,16:24:  __main__ 

2019-07-15,16:24:  match success abc:123456 
 

2019-07-15,16:24:  time is rotten 2019-03-15 10:26:37.951000 

2019-07-15,16:25:  __main__ 

2019-07-15,16:25:  match success abc:123456 
 

2019-07-15,16:25:  time is rotten 2019-03-15 10:26:37.951000 

2019-07-15,16:25:  match success abc:123756 
 

2019-07-15,16:25:  the message is fresh 2019-07-08 16:25:01.978273 

2019-07-15,16:25:  match success abc:123456 
 

2019-07-15,16:25:  the message is fresh 2019-07-08 16:25:01.978273 

2019-07-15,16:25:  not match 1abc:123456 
 

2019-07-15,16:25:  match success abc:123456 
 

2019-07-15,16:25:  the message is fresh 2019-07-08 16:25:01.978273 

2019-07-15,16:25:  match success abc:123456 
 

2019-07-15,16:25:  the message is fresh 2019-07-08 16:25:01.978273 

2019-07-15,16:25:  match success abc:123456 
 

2019-07-15,16:25:  the message is fresh 2019-07-08 16:25:01.978273 

2019-07-15,16:25:  __main__ 

2019-07-15,16:25:  match success abc:123456 
 

2019-07-15,16:25:  time is rotten 2019-03-15 10:26:37.951000 

2019-07-15,16:25:  match success abc:123756 
 

2019-07-15,16:25:  the message is fresh 2019-07-08 16:25:22.808938 

2019-07-15,16:25:  match success abc:123456 
 

2019-07-15,16:25:  the message is fresh 2019-07-08 16:25:22.808938 

2019-07-15,16:25:  not match 1abc:123456 
 

2019-07-15,16:25:  match success abc:123456 
 

2019-07-15,16:25:  the message is fresh 2019-07-08 16:25:22.808938 

2019-07-15,16:25:  match success abc:123456 
 

2019-07-15,16:25:  the message is fresh 2019-07-08 16:25:22.808938 

2019-07-15,16:25:  match success abc:123456 
 

2019-07-15,16:25:  the message is fresh 2019-07-08 16:25:22.808938 

2019-07-15,16:25:  __main__ 

2019-07-15,16:25:  match success abc:123456 
 

2019-07-15,16:25:  time is rotten 2019-03-15 10:26:37.951000 

2019-07-15,16:25:  match success abc:123756 
 

2019-07-15,16:25:  the message is fresh 2019-07-08 16:25:52.923960 

2019-07-15,16:25:  match success abc:123456 
 

2019-07-15,16:25:  the message is fresh 2019-07-08 16:25:52.923960 

2019-07-15,16:25:  not match 1abc:123456 
 

2019-07-15,16:25:  match success abc:123456 
 

2019-07-15,16:25:  the message is fresh 2019-07-08 16:25:52.923960 

2019-07-15,16:25:  match success abc:123456 
 

2019-07-15,16:25:  the message is fresh 2019-07-08 16:25:52.923960 

2019-07-15,16:25:  match success abc:123456 
 

2019-07-15,16:25:  the message is fresh 2019-07-08 16:25:52.923960 

2019-07-15,16:26:  __main__ 

2019-07-15,16:26:  match success abc:123456 
 

2019-07-15,16:26:  time is rotten 2019-03-15 10:26:37.951000 

2019-07-15,16:26:  match success abc:123756 
 

2019-07-15,16:26:  the message is fresh 2019-07-08 16:26:10.753025 

2019-07-15,16:26:  match success abc:123456 
 

2019-07-15,16:26:  the message is fresh 2019-07-08 16:26:10.753025 

2019-07-15,16:26:  not match 1abc:123456 
 

2019-07-15,16:26:  match success abc:123456 
 

2019-07-15,16:26:  the message is fresh 2019-07-08 16:26:10.753025 

2019-07-15,16:26:  match success abc:123456 
 

2019-07-15,16:26:  the message is fresh 2019-07-08 16:26:10.753025 

2019-07-15,16:26:  match success abc:123456 
 

2019-07-15,16:26:  the message is fresh 2019-07-08 16:26:10.753025 

2019-07-15,16:26:  __main__ 

2019-07-15,16:26:  match success abc:123456 
 

2019-07-15,16:26:  time is rotten 2019-03-15 10:26:37.951000 

2019-07-15,16:26:  match success abc:123756 
 

2019-07-15,16:26:  the message is fresh 2019-07-08 16:26:47.529879 

2019-07-15,16:26:  match success abc:123456 
 

2019-07-15,16:26:  the message is fresh 2019-07-08 16:26:47.529879 

2019-07-15,16:26:  not match 1abc:123456 
 

2019-07-15,16:26:  match success abc:123456 
 

2019-07-15,16:26:  the message is fresh 2019-07-08 16:26:47.529879 

2019-07-15,16:26:  match success abc:123456 
 

2019-07-15,16:26:  the message is fresh 2019-07-08 16:26:47.529879 

2019-07-15,16:26:  match success abc:123456 
 

2019-07-15,16:26:  the message is fresh 2019-07-08 16:26:47.529879 

2019-07-15,16:26:  __main__ 

2019-07-15,16:26:  match success abc:123456 
 

2019-07-15,16:26:  time is rotten 2019-03-15 10:26:37.951000 

2019-07-15,16:26:  match success abc:123756 
 

2019-07-15,16:26:  the message is fresh 2019-07-08 16:26:56.882249 

2019-07-15,16:26:  match success abc:123456 
 

2019-07-15,16:26:  the message is fresh 2019-07-08 16:26:56.882249 

2019-07-15,16:26:  not match 1abc:123456 
 

2019-07-15,16:26:  match success abc:123456 
 

2019-07-15,16:26:  the message is fresh 2019-07-08 16:26:56.882249 

2019-07-15,16:26:  match success abc:123456 
 

2019-07-15,16:26:  the message is fresh 2019-07-08 16:26:56.882249 

2019-07-15,16:26:  match success abc:123456 
 

2019-07-15,16:26:  the message is fresh 2019-07-08 16:26:56.882249 

2019-07-15,16:27:  __main__ 

2019-07-15,16:27:  match success abc:123456 
 

2019-07-15,16:27:  time is rotten 2019-03-15 10:26:37.951000 

2019-07-15,16:27:  match success abc:123756 
 

2019-07-15,16:27:  the message is fresh 2019-07-08 16:27:14.569286 

2019-07-15,16:27:  match success abc:123456 
 

2019-07-15,16:27:  the message is fresh 2019-07-08 16:27:14.569286 

2019-07-15,16:27:  not match 1abc:123456 
 

2019-07-15,16:27:  match success abc:123456 
 

2019-07-15,16:27:  the message is fresh 2019-07-08 16:27:14.569286 

2019-07-15,16:27:  match success abc:123456 
 

2019-07-15,16:27:  the message is fresh 2019-07-08 16:27:14.569286 

2019-07-15,16:27:  match success abc:123456 
 

2019-07-15,16:27:  the message is fresh 2019-07-08 16:27:14.569286 

